{
  "RSpec": {
    "coverage": {
      "/Users/sunnymoore/turing/1module/projects/enigma/spec/enigma_spec.rb": {
        "lines": [
          1,
          1,
          1,
          1,
          null,
          1,
          1,
          20,
          null,
          1,
          1,
          null,
          1,
          1,
          null,
          1,
          1,
          null,
          1,
          1,
          1,
          null,
          null,
          1,
          null,
          1,
          1,
          1,
          null,
          1,
          null,
          1,
          1,
          1,
          1,
          null,
          1,
          1,
          1,
          1,
          1,
          1,
          1,
          1,
          1,
          null,
          1,
          1,
          1,
          1,
          1,
          1,
          1,
          1,
          1,
          null,
          1,
          1,
          1,
          1,
          1,
          1,
          1,
          1,
          1,
          null,
          1,
          1,
          1,
          1,
          1,
          1,
          null,
          1,
          1,
          1,
          1,
          1,
          null,
          1,
          1,
          1,
          1,
          1,
          null,
          1,
          1,
          1,
          1,
          1,
          null,
          1,
          1,
          1,
          1,
          1,
          1,
          1,
          1,
          1,
          null,
          1,
          1,
          1,
          null,
          1,
          1,
          1,
          null,
          1,
          1,
          1,
          1,
          1,
          null,
          1,
          1,
          1,
          null,
          1,
          1,
          1,
          1,
          null,
          1,
          1,
          1,
          null,
          1,
          1,
          1,
          null,
          null
        ]
      },
      "/Users/sunnymoore/turing/1module/projects/enigma/lib/enigma.rb": {
        "lines": [
          1,
          1,
          1,
          null,
          1,
          1,
          1,
          null,
          1,
          30,
          30,
          30,
          null,
          null,
          1,
          9,
          9,
          9,
          9,
          9,
          9,
          9,
          103,
          4,
          null,
          99,
          99,
          99,
          null,
          null,
          9,
          null,
          null,
          1,
          5,
          5,
          5,
          5,
          5,
          5,
          5,
          56,
          1,
          null,
          55,
          55,
          55,
          null,
          null,
          5,
          null,
          null,
          1,
          15,
          3,
          null,
          12,
          null,
          null,
          null,
          1,
          15,
          1,
          null,
          14,
          null,
          null,
          null
        ]
      },
      "/Users/sunnymoore/turing/1module/projects/enigma/lib/shiftable.rb": {
        "lines": [
          1,
          null,
          1,
          null,
          1,
          10,
          null,
          null,
          1,
          7,
          7,
          null,
          null,
          1,
          16,
          16,
          16,
          64,
          64,
          null,
          16,
          null,
          null,
          1,
          16,
          16,
          16,
          16,
          16,
          64,
          64,
          null,
          16,
          null,
          null,
          1,
          15,
          15,
          15,
          15,
          15,
          60,
          60,
          null,
          15,
          null,
          null
        ]
      },
      "/Users/sunnymoore/turing/1module/projects/enigma/spec/encryptor_spec.rb": {
        "lines": [
          1,
          1,
          1,
          1,
          1,
          null,
          1,
          1,
          10,
          null,
          1,
          1,
          null,
          1,
          1,
          null,
          1,
          1,
          1,
          null,
          1,
          1,
          1,
          null,
          1,
          1,
          1,
          null,
          1,
          1,
          null,
          1,
          1,
          1,
          1,
          1,
          null,
          1,
          1,
          1,
          1,
          1,
          1,
          1,
          null,
          1,
          null,
          1,
          1,
          1,
          1,
          1,
          1,
          null,
          1,
          1,
          1,
          null,
          1,
          1,
          1,
          null,
          1,
          1,
          null,
          1,
          1,
          1,
          1,
          null,
          1,
          1,
          1,
          1,
          null,
          1,
          1,
          1,
          null,
          null,
          null
        ]
      },
      "/Users/sunnymoore/turing/1module/projects/enigma/lib/encryptor.rb": {
        "lines": [
          1,
          1,
          1,
          1,
          null,
          1,
          1,
          null,
          1,
          null,
          null,
          null,
          null,
          1,
          10,
          10,
          10,
          10,
          null,
          null,
          1,
          1,
          1,
          1,
          1,
          null,
          null,
          1,
          3,
          3,
          null,
          null
        ]
      },
      "/Users/sunnymoore/turing/1module/projects/enigma/lib/file_handler.rb": {
        "lines": [
          1,
          null,
          1,
          null,
          1,
          4,
          4,
          4,
          4,
          null,
          null,
          1,
          2,
          2,
          2,
          2,
          null,
          null
        ]
      }
    },
    "timestamp": 1655235896
  }
}
