{
  "RSpec": {
    "coverage": {
      "/Users/sunnymoore/turing/1module/projects/enigma/spec/enigma_spec.rb": {
        "lines": [
          1,
          1,
          1,
          1,
          null,
          1,
          1,
          15,
          null,
          1,
          1,
          null,
          1,
          1,
          null,
          1,
          1,
          null,
          1,
          1,
          1,
          null,
          null,
          1,
          null,
          1,
          1,
          1,
          null,
          1,
          null,
          1,
          1,
          1,
          1,
          null,
          1,
          1,
          1,
          1,
          1,
          1,
          1,
          1,
          1,
          null,
          1,
          1,
          1,
          1,
          1,
          1,
          1,
          1,
          1,
          null,
          1,
          1,
          1,
          1,
          1,
          1,
          1,
          1,
          1,
          null,
          1,
          1,
          1,
          1,
          1,
          null,
          1,
          1,
          1,
          null,
          1,
          1,
          1,
          null,
          1,
          1,
          1,
          1,
          1,
          null,
          1,
          1,
          1,
          null,
          1,
          1,
          1,
          null,
          null
        ]
      },
      "/Users/sunnymoore/turing/1module/projects/enigma/lib/enigma.rb": {
        "lines": [
          1,
          1,
          null,
          1,
          1,
          null,
          1,
          25,
          25,
          25,
          null,
          1,
          7,
          null,
          1,
          4,
          4,
          null,
          null,
          1,
          11,
          11,
          11,
          44,
          44,
          null,
          11,
          null,
          null,
          1,
          11,
          11,
          11,
          11,
          11,
          44,
          44,
          null,
          11,
          null,
          null,
          1,
          10,
          10,
          10,
          10,
          10,
          40,
          40,
          null,
          10,
          null,
          1,
          8,
          8,
          8,
          null,
          0,
          null,
          8,
          8,
          8,
          93,
          5,
          null,
          88,
          88,
          88,
          null,
          null,
          8,
          null,
          null,
          1,
          1,
          1,
          1,
          null,
          0,
          null,
          1,
          1,
          1,
          11,
          0,
          null,
          11,
          11,
          11,
          null,
          null,
          1,
          null,
          null
        ]
      },
      "/Users/sunnymoore/turing/1module/projects/enigma/spec/encryptor_spec.rb": {
        "lines": [
          1,
          1,
          1,
          1,
          1,
          null,
          1,
          1,
          10,
          null,
          1,
          1,
          null,
          1,
          1,
          null,
          1,
          1,
          1,
          null,
          null,
          1,
          1,
          null,
          1,
          1,
          1,
          1,
          1,
          null,
          1,
          1,
          1,
          null,
          1,
          1,
          1,
          null,
          1,
          1,
          1,
          1,
          1,
          1,
          1,
          null,
          1,
          null,
          1,
          1,
          1,
          1,
          1,
          1,
          null,
          1,
          1,
          1,
          null,
          1,
          1,
          1,
          null,
          1,
          1,
          null,
          1,
          1,
          1,
          1,
          null,
          1,
          1,
          1,
          1,
          null,
          1,
          1,
          1,
          null,
          null,
          null
        ]
      },
      "/Users/sunnymoore/turing/1module/projects/enigma/lib/encryptor.rb": {
        "lines": [
          1,
          1,
          1,
          1,
          null,
          1,
          1,
          null,
          1,
          null,
          null,
          null,
          null,
          1,
          10,
          10,
          10,
          10,
          null,
          null,
          1,
          1,
          1,
          1,
          null,
          null,
          1,
          3,
          3,
          null,
          null
        ]
      },
      "/Users/sunnymoore/turing/1module/projects/enigma/lib/file_handler.rb": {
        "lines": [
          1,
          null,
          1,
          null,
          1,
          4,
          4,
          4,
          4,
          null,
          null,
          1,
          2,
          2,
          2,
          2,
          null,
          null
        ]
      }
    },
    "timestamp": 1655070223
  }
}
